Analysis & Synthesis report for DE0_NANO_V3
Sat Feb 22 19:01:52 2025
Quartus Prime Version 18.1.0 Build 625 09/12/2018 SJ Lite Edition


---------------------
; Table of Contents ;
---------------------
  1. Legal Notice
  2. Analysis & Synthesis Summary
  3. Analysis & Synthesis Settings
  4. Parallel Compilation
  5. Analysis & Synthesis Source Files Read
  6. Analysis & Synthesis Resource Usage Summary
  7. Analysis & Synthesis Resource Utilization by Entity
  8. State Machine - |DE0_NANO_V3|spi_slave:spi|state
  9. Registers Removed During Synthesis
 10. Removed Registers Triggering Further Register Optimizations
 11. General Register Statistics
 12. Multiplexer Restructuring Statistics (Restructuring Performed)
 13. Port Connectivity Checks: "Odometer:right_odometer"
 14. Port Connectivity Checks: "Odometer:left_odometer"
 15. Port Connectivity Checks: "EncoderSpeed:right_encoder_speed"
 16. Port Connectivity Checks: "EncoderSpeed:left_encoder_speed"
 17. Port Connectivity Checks: "spi_slave:spi"
 18. Post-Synthesis Netlist Statistics for Top Partition
 19. Elapsed Time Per Partition
 20. Analysis & Synthesis Messages



----------------
; Legal Notice ;
----------------
Copyright (C) 2018  Intel Corporation. All rights reserved.
Your use of Intel Corporation's design tools, logic functions 
and other software and tools, and its AMPP partner logic 
functions, and any output files from any of the foregoing 
(including device programming or simulation files), and any 
associated documentation or information are expressly subject 
to the terms and conditions of the Intel Program License 
Subscription Agreement, the Intel Quartus Prime License Agreement,
the Intel FPGA IP License Agreement, or other applicable license
agreement, including, without limitation, that your use is for
the sole purpose of programming logic devices manufactured by
Intel and sold by Intel or its authorized distributors.  Please
refer to the applicable agreement for further details.



+----------------------------------------------------------------------------------+
; Analysis & Synthesis Summary                                                     ;
+------------------------------------+---------------------------------------------+
; Analysis & Synthesis Status        ; Successful - Sat Feb 22 19:01:52 2025       ;
; Quartus Prime Version              ; 18.1.0 Build 625 09/12/2018 SJ Lite Edition ;
; Revision Name                      ; DE0_NANO_V3                                 ;
; Top-level Entity Name              ; DE0_NANO_V3                                 ;
; Family                             ; Cyclone IV E                                ;
; Total logic elements               ; 82                                          ;
;     Total combinational functions  ; 76                                          ;
;     Dedicated logic registers      ; 65                                          ;
; Total registers                    ; 65                                          ;
; Total pins                         ; 138                                         ;
; Total virtual pins                 ; 0                                           ;
; Total memory bits                  ; 0                                           ;
; Embedded Multiplier 9-bit elements ; 0                                           ;
; Total PLLs                         ; 0                                           ;
+------------------------------------+---------------------------------------------+


+------------------------------------------------------------------------------------------------------------+
; Analysis & Synthesis Settings                                                                              ;
+------------------------------------------------------------------+--------------------+--------------------+
; Option                                                           ; Setting            ; Default Value      ;
+------------------------------------------------------------------+--------------------+--------------------+
; Device                                                           ; EP4CE22F17C6       ;                    ;
; Top-level entity name                                            ; DE0_NANO_V3        ; DE0_NANO_V3        ;
; Family name                                                      ; Cyclone IV E       ; Cyclone V          ;
; Use smart compilation                                            ; Off                ; Off                ;
; Enable parallel Assembler and Timing Analyzer during compilation ; On                 ; On                 ;
; Enable compact report table                                      ; Off                ; Off                ;
; Restructure Multiplexers                                         ; Auto               ; Auto               ;
; Create Debugging Nodes for IP Cores                              ; Off                ; Off                ;
; Preserve fewer node names                                        ; On                 ; On                 ;
; Intel FPGA IP Evaluation Mode                                    ; Enable             ; Enable             ;
; Verilog Version                                                  ; Verilog_2001       ; Verilog_2001       ;
; VHDL Version                                                     ; VHDL_1993          ; VHDL_1993          ;
; State Machine Processing                                         ; Auto               ; Auto               ;
; Safe State Machine                                               ; Off                ; Off                ;
; Extract Verilog State Machines                                   ; On                 ; On                 ;
; Extract VHDL State Machines                                      ; On                 ; On                 ;
; Ignore Verilog initial constructs                                ; Off                ; Off                ;
; Iteration limit for constant Verilog loops                       ; 5000               ; 5000               ;
; Iteration limit for non-constant Verilog loops                   ; 250                ; 250                ;
; Add Pass-Through Logic to Inferred RAMs                          ; On                 ; On                 ;
; Infer RAMs from Raw Logic                                        ; On                 ; On                 ;
; Parallel Synthesis                                               ; On                 ; On                 ;
; DSP Block Balancing                                              ; Auto               ; Auto               ;
; NOT Gate Push-Back                                               ; On                 ; On                 ;
; Power-Up Don't Care                                              ; On                 ; On                 ;
; Remove Redundant Logic Cells                                     ; Off                ; Off                ;
; Remove Duplicate Registers                                       ; On                 ; On                 ;
; Ignore CARRY Buffers                                             ; Off                ; Off                ;
; Ignore CASCADE Buffers                                           ; Off                ; Off                ;
; Ignore GLOBAL Buffers                                            ; Off                ; Off                ;
; Ignore ROW GLOBAL Buffers                                        ; Off                ; Off                ;
; Ignore LCELL Buffers                                             ; Off                ; Off                ;
; Ignore SOFT Buffers                                              ; On                 ; On                 ;
; Limit AHDL Integers to 32 Bits                                   ; Off                ; Off                ;
; Optimization Technique                                           ; Balanced           ; Balanced           ;
; Carry Chain Length                                               ; 70                 ; 70                 ;
; Auto Carry Chains                                                ; On                 ; On                 ;
; Auto Open-Drain Pins                                             ; On                 ; On                 ;
; Perform WYSIWYG Primitive Resynthesis                            ; Off                ; Off                ;
; Auto ROM Replacement                                             ; On                 ; On                 ;
; Auto RAM Replacement                                             ; On                 ; On                 ;
; Auto DSP Block Replacement                                       ; On                 ; On                 ;
; Auto Shift Register Replacement                                  ; Auto               ; Auto               ;
; Allow Shift Register Merging across Hierarchies                  ; Auto               ; Auto               ;
; Auto Clock Enable Replacement                                    ; On                 ; On                 ;
; Strict RAM Replacement                                           ; Off                ; Off                ;
; Allow Synchronous Control Signals                                ; On                 ; On                 ;
; Force Use of Synchronous Clear Signals                           ; Off                ; Off                ;
; Auto RAM Block Balancing                                         ; On                 ; On                 ;
; Auto RAM to Logic Cell Conversion                                ; Off                ; Off                ;
; Auto Resource Sharing                                            ; Off                ; Off                ;
; Allow Any RAM Size For Recognition                               ; Off                ; Off                ;
; Allow Any ROM Size For Recognition                               ; Off                ; Off                ;
; Allow Any Shift Register Size For Recognition                    ; Off                ; Off                ;
; Use LogicLock Constraints during Resource Balancing              ; On                 ; On                 ;
; Ignore translate_off and synthesis_off directives                ; Off                ; Off                ;
; Timing-Driven Synthesis                                          ; On                 ; On                 ;
; Report Parameter Settings                                        ; On                 ; On                 ;
; Report Source Assignments                                        ; On                 ; On                 ;
; Report Connectivity Checks                                       ; On                 ; On                 ;
; Ignore Maximum Fan-Out Assignments                               ; Off                ; Off                ;
; Synchronization Register Chain Length                            ; 2                  ; 2                  ;
; Power Optimization During Synthesis                              ; Normal compilation ; Normal compilation ;
; HDL message level                                                ; Level2             ; Level2             ;
; Suppress Register Optimization Related Messages                  ; Off                ; Off                ;
; Number of Removed Registers Reported in Synthesis Report         ; 5000               ; 5000               ;
; Number of Swept Nodes Reported in Synthesis Report               ; 5000               ; 5000               ;
; Number of Inverted Registers Reported in Synthesis Report        ; 100                ; 100                ;
; Clock MUX Protection                                             ; On                 ; On                 ;
; Auto Gated Clock Conversion                                      ; Off                ; Off                ;
; Block Design Naming                                              ; Auto               ; Auto               ;
; SDC constraint protection                                        ; Off                ; Off                ;
; Synthesis Effort                                                 ; Auto               ; Auto               ;
; Shift Register Replacement - Allow Asynchronous Clear Signal     ; On                 ; On                 ;
; Pre-Mapping Resynthesis Optimization                             ; Off                ; Off                ;
; Analysis & Synthesis Message Level                               ; Medium             ; Medium             ;
; Disable Register Merging Across Hierarchies                      ; Auto               ; Auto               ;
; Resource Aware Inference For Block RAM                           ; On                 ; On                 ;
+------------------------------------------------------------------+--------------------+--------------------+


+------------------------------------------+
; Parallel Compilation                     ;
+----------------------------+-------------+
; Processors                 ; Number      ;
+----------------------------+-------------+
; Number detected on machine ; 12          ;
; Maximum allowed            ; 6           ;
;                            ;             ;
; Average used               ; 1.00        ;
; Maximum used               ; 6           ;
;                            ;             ;
; Usage by Processor         ; % Time Used ;
;     Processor 1            ; 100.0%      ;
;     Processors 2-6         ;   0.0%      ;
+----------------------------+-------------+


+-----------------------------------------------------------------------------------------------------------------------------------------------------------------------------------------+
; Analysis & Synthesis Source Files Read                                                                                                                                                  ;
+----------------------------------+-----------------+------------------------------+-------------------------------------------------------------------------------------------+---------+
; File Name with User-Entered Path ; Used in Netlist ; File Type                    ; File Name with Absolute Path                                                              ; Library ;
+----------------------------------+-----------------+------------------------------+-------------------------------------------------------------------------------------------+---------+
; SPI.sv                           ; yes             ; User SystemVerilog HDL File  ; D:/Inge/Q8/LELME2002/INFO/GitHub/Bot-save-the-Queen/Robot principal/DEO_NANO/SPI.sv       ;         ;
; corneille.sv                     ; yes             ; User SystemVerilog HDL File  ; D:/Inge/Q8/LELME2002/INFO/GitHub/Bot-save-the-Queen/Robot principal/DEO_NANO/corneille.sv ;         ;
+----------------------------------+-----------------+------------------------------+-------------------------------------------------------------------------------------------+---------+


+--------------------------------------------------------------+
; Analysis & Synthesis Resource Usage Summary                  ;
+---------------------------------------------+----------------+
; Resource                                    ; Usage          ;
+---------------------------------------------+----------------+
; Estimated Total logic elements              ; 82             ;
;                                             ;                ;
; Total combinational functions               ; 76             ;
; Logic element usage by number of LUT inputs ;                ;
;     -- 4 input functions                    ; 44             ;
;     -- 3 input functions                    ; 18             ;
;     -- <=2 input functions                  ; 14             ;
;                                             ;                ;
; Logic elements by mode                      ;                ;
;     -- normal mode                          ; 64             ;
;     -- arithmetic mode                      ; 12             ;
;                                             ;                ;
; Total registers                             ; 65             ;
;     -- Dedicated logic registers            ; 65             ;
;     -- I/O registers                        ; 0              ;
;                                             ;                ;
; I/O pins                                    ; 138            ;
;                                             ;                ;
; Embedded Multiplier 9-bit elements          ; 0              ;
;                                             ;                ;
; Maximum fan-out node                        ; CLOCK_50~input ;
; Maximum fan-out                             ; 65             ;
; Total fan-out                               ; 692            ;
; Average fan-out                             ; 1.38           ;
+---------------------------------------------+----------------+


+-----------------------------------------------------------------------------------------------------------------------------------------------------------------------------------------------------------------------------+
; Analysis & Synthesis Resource Utilization by Entity                                                                                                                                                                         ;
+------------------------------+---------------------+---------------------------+-------------+--------------+---------+-----------+------+--------------+--------------------------------------+-------------+--------------+
; Compilation Hierarchy Node   ; Combinational ALUTs ; Dedicated Logic Registers ; Memory Bits ; DSP Elements ; DSP 9x9 ; DSP 18x18 ; Pins ; Virtual Pins ; Full Hierarchy Name                  ; Entity Name ; Library Name ;
+------------------------------+---------------------+---------------------------+-------------+--------------+---------+-----------+------+--------------+--------------------------------------+-------------+--------------+
; |DE0_NANO_V3                 ; 76 (4)              ; 65 (1)                    ; 0           ; 0            ; 0       ; 0         ; 138  ; 0            ; |DE0_NANO_V3                         ; DE0_NANO_V3 ; work         ;
;    |Odometer:right_odometer| ; 10 (10)             ; 12 (12)                   ; 0           ; 0            ; 0       ; 0         ; 0    ; 0            ; |DE0_NANO_V3|Odometer:right_odometer ; Odometer    ; work         ;
;    |spi_slave:spi|           ; 62 (62)             ; 52 (52)                   ; 0           ; 0            ; 0       ; 0         ; 0    ; 0            ; |DE0_NANO_V3|spi_slave:spi           ; spi_slave   ; work         ;
+------------------------------+---------------------+---------------------------+-------------+--------------+---------+-----------+------+--------------+--------------------------------------+-------------+--------------+
Note: For table entries with two numbers listed, the numbers in parentheses indicate the number of resources of the given type used by the specific entity alone. The numbers listed outside of parentheses indicate the total resources of the given type used by the specific entity and all of its sub-entities in the hierarchy.


Encoding Type:  One-Hot
+------------------------------------------------------+
; State Machine - |DE0_NANO_V3|spi_slave:spi|state     ;
+----------+----------+----------+----------+----------+
; Name     ; state.S3 ; state.S2 ; state.S1 ; state.S0 ;
+----------+----------+----------+----------+----------+
; state.S0 ; 0        ; 0        ; 0        ; 0        ;
; state.S1 ; 0        ; 0        ; 1        ; 1        ;
; state.S2 ; 0        ; 1        ; 0        ; 1        ;
; state.S3 ; 1        ; 0        ; 0        ; 1        ;
+----------+----------+----------+----------+----------+


+----------------------------------------------------------------+
; Registers Removed During Synthesis                             ;
+-------------------------------------------+--------------------+
; Register name                             ; Reason for Removal ;
+-------------------------------------------+--------------------+
; spi_slave:spi|state~2                     ; Lost fanout        ;
; spi_slave:spi|state~3                     ; Lost fanout        ;
; spi_slave:spi|state.S3                    ; Lost fanout        ;
; Odometer:right_odometer|tick_count[8..31] ; Lost fanout        ;
; Total Number of Removed Registers = 27    ;                    ;
+-------------------------------------------+--------------------+


+-------------------------------------------------------------------------------------+
; Removed Registers Triggering Further Register Optimizations                         ;
+-----------------------+--------------------+----------------------------------------+
; Register name         ; Reason for Removal ; Registers Removed due to This Register ;
+-----------------------+--------------------+----------------------------------------+
; spi_slave:spi|state~2 ; Lost Fanouts       ; spi_slave:spi|state.S3                 ;
+-----------------------+--------------------+----------------------------------------+


+------------------------------------------------------+
; General Register Statistics                          ;
+----------------------------------------------+-------+
; Statistic                                    ; Value ;
+----------------------------------------------+-------+
; Total registers                              ; 65    ;
; Number of registers using Synchronous Clear  ; 6     ;
; Number of registers using Synchronous Load   ; 0     ;
; Number of registers using Asynchronous Clear ; 8     ;
; Number of registers using Asynchronous Load  ; 0     ;
; Number of registers using Clock Enable       ; 58    ;
; Number of registers using Preset             ; 0     ;
+----------------------------------------------+-------+


+------------------------------------------------------------------------------------------------------------------------------------------------------+
; Multiplexer Restructuring Statistics (Restructuring Performed)                                                                                       ;
+--------------------+-----------+---------------+----------------------+------------------------+------------+----------------------------------------+
; Multiplexer Inputs ; Bus Width ; Baseline Area ; Area if Restructured ; Saving if Restructured ; Registered ; Example Multiplexer Output             ;
+--------------------+-----------+---------------+----------------------+------------------------+------------+----------------------------------------+
; 3:1                ; 14 bits   ; 28 LEs        ; 14 LEs               ; 14 LEs                 ; Yes        ; |DE0_NANO_V3|spi_slave:spi|SPI_reg[4]  ;
; 4:1                ; 32 bits   ; 64 LEs        ; 64 LEs               ; 0 LEs                  ; Yes        ; |DE0_NANO_V3|spi_slave:spi|SPI_reg[24] ;
; 9:1                ; 2 bits    ; 12 LEs        ; 6 LEs                ; 6 LEs                  ; No         ; |DE0_NANO_V3|spi_slave:spi|state       ;
; 9:1                ; 2 bits    ; 12 LEs        ; 6 LEs                ; 6 LEs                  ; No         ; |DE0_NANO_V3|spi_slave:spi|state       ;
+--------------------+-----------+---------------+----------------------+------------------------+------------+----------------------------------------+


+-----------------------------------------------------------------------------------------------------------------------------+
; Port Connectivity Checks: "Odometer:right_odometer"                                                                         ;
+-------------------+--------+----------+-------------------------------------------------------------------------------------+
; Port              ; Type   ; Severity ; Details                                                                             ;
+-------------------+--------+----------+-------------------------------------------------------------------------------------+
; tick_count[31..8] ; Output ; Info     ; Connected to dangling logic. Logic that only feeds a dangling port will be removed. ;
+-------------------+--------+----------+-------------------------------------------------------------------------------------+


+----------------------------------------------------------------------------------------------------------------------+
; Port Connectivity Checks: "Odometer:left_odometer"                                                                   ;
+------------+--------+----------+-------------------------------------------------------------------------------------+
; Port       ; Type   ; Severity ; Details                                                                             ;
+------------+--------+----------+-------------------------------------------------------------------------------------+
; tick_count ; Output ; Info     ; Connected to dangling logic. Logic that only feeds a dangling port will be removed. ;
+------------+--------+----------+-------------------------------------------------------------------------------------+


+-----------------------------------------------------------------------------------------------------------------+
; Port Connectivity Checks: "EncoderSpeed:right_encoder_speed"                                                    ;
+-------+--------+----------+-------------------------------------------------------------------------------------+
; Port  ; Type   ; Severity ; Details                                                                             ;
+-------+--------+----------+-------------------------------------------------------------------------------------+
; speed ; Output ; Info     ; Connected to dangling logic. Logic that only feeds a dangling port will be removed. ;
+-------+--------+----------+-------------------------------------------------------------------------------------+


+-----------------------------------------------------------------------------------------------------------------+
; Port Connectivity Checks: "EncoderSpeed:left_encoder_speed"                                                     ;
+-------+--------+----------+-------------------------------------------------------------------------------------+
; Port  ; Type   ; Severity ; Details                                                                             ;
+-------+--------+----------+-------------------------------------------------------------------------------------+
; speed ; Output ; Info     ; Connected to dangling logic. Logic that only feeds a dangling port will be removed. ;
+-------+--------+----------+-------------------------------------------------------------------------------------+


+-------------------------------------------------------------------------------------------------------------------------+
; Port Connectivity Checks: "spi_slave:spi"                                                                               ;
+---------------+--------+----------+-------------------------------------------------------------------------------------+
; Port          ; Type   ; Severity ; Details                                                                             ;
+---------------+--------+----------+-------------------------------------------------------------------------------------+
; ToSend[31..5] ; Input  ; Info     ; Stuck at VCC                                                                        ;
; ToSend[3..2]  ; Input  ; Info     ; Stuck at VCC                                                                        ;
; ToSend[1..0]  ; Input  ; Info     ; Stuck at GND                                                                        ;
; ToSend[4]     ; Input  ; Info     ; Stuck at GND                                                                        ;
; Ready         ; Output ; Info     ; Connected to dangling logic. Logic that only feeds a dangling port will be removed. ;
; DataAddr      ; Output ; Info     ; Connected to dangling logic. Logic that only feeds a dangling port will be removed. ;
; Data          ; Output ; Info     ; Connected to dangling logic. Logic that only feeds a dangling port will be removed. ;
; Data_WE       ; Output ; Info     ; Connected to dangling logic. Logic that only feeds a dangling port will be removed. ;
+---------------+--------+----------+-------------------------------------------------------------------------------------+


+-----------------------------------------------------+
; Post-Synthesis Netlist Statistics for Top Partition ;
+-----------------------+-----------------------------+
; Type                  ; Count                       ;
+-----------------------+-----------------------------+
; boundary_port         ; 138                         ;
; cycloneiii_ff         ; 65                          ;
;     ENA               ; 44                          ;
;     ENA CLR           ; 8                           ;
;     ENA SCLR          ; 6                           ;
;     plain             ; 7                           ;
; cycloneiii_io_obuf    ; 85                          ;
; cycloneiii_lcell_comb ; 77                          ;
;     arith             ; 12                          ;
;         2 data inputs ; 6                           ;
;         3 data inputs ; 6                           ;
;     normal            ; 65                          ;
;         0 data inputs ; 1                           ;
;         1 data inputs ; 1                           ;
;         2 data inputs ; 7                           ;
;         3 data inputs ; 12                          ;
;         4 data inputs ; 44                          ;
;                       ;                             ;
; Max LUT depth         ; 3.00                        ;
; Average LUT depth     ; 1.11                        ;
+-----------------------+-----------------------------+


+-------------------------------+
; Elapsed Time Per Partition    ;
+----------------+--------------+
; Partition Name ; Elapsed Time ;
+----------------+--------------+
; Top            ; 00:00:00     ;
+----------------+--------------+


+-------------------------------+
; Analysis & Synthesis Messages ;
+-------------------------------+
Info: *******************************************************************
Info: Running Quartus Prime Analysis & Synthesis
    Info: Version 18.1.0 Build 625 09/12/2018 SJ Lite Edition
    Info: Processing started: Sat Feb 22 19:01:41 2025
Info: Command: quartus_map --read_settings_files=on --write_settings_files=off DE0_NANO_V3 -c DE0_NANO_V3
Warning (18236): Number of processors has not been specified which may cause overloading on shared machines.  Set the global assignment NUM_PARALLEL_PROCESSORS in your QSF to an appropriate value for best performance.
Info (20030): Parallel compilation is enabled and will use 6 of the 6 processors detected
Info (12021): Found 1 design units, including 1 entities, in source file spi.sv
    Info (12023): Found entity 1: spi_slave File: D:/Inge/Q8/LELME2002/INFO/GitHub/Bot-save-the-Queen/Robot principal/DEO_NANO/SPI.sv Line: 1
Warning (10275): Verilog HDL Module Instantiation warning at corneille.sv(194): ignored dangling comma in List of Port Connections File: D:/Inge/Q8/LELME2002/INFO/GitHub/Bot-save-the-Queen/Robot principal/DEO_NANO/corneille.sv Line: 194
Info (12021): Found 3 design units, including 3 entities, in source file corneille.sv
    Info (12023): Found entity 1: EncoderSpeed File: D:/Inge/Q8/LELME2002/INFO/GitHub/Bot-save-the-Queen/Robot principal/DEO_NANO/corneille.sv Line: 1
    Info (12023): Found entity 2: Odometer File: D:/Inge/Q8/LELME2002/INFO/GitHub/Bot-save-the-Queen/Robot principal/DEO_NANO/corneille.sv Line: 51
    Info (12023): Found entity 3: DE0_NANO_V3 File: D:/Inge/Q8/LELME2002/INFO/GitHub/Bot-save-the-Queen/Robot principal/DEO_NANO/corneille.sv Line: 85
Warning (10236): Verilog HDL Implicit Net warning at corneille.sv(151): created implicit net for "clk" File: D:/Inge/Q8/LELME2002/INFO/GitHub/Bot-save-the-Queen/Robot principal/DEO_NANO/corneille.sv Line: 151
Warning (10236): Verilog HDL Implicit Net warning at corneille.sv(153): created implicit net for "reset" File: D:/Inge/Q8/LELME2002/INFO/GitHub/Bot-save-the-Queen/Robot principal/DEO_NANO/corneille.sv Line: 153
Warning (10236): Verilog HDL Implicit Net warning at corneille.sv(162): created implicit net for "ENC_1A" File: D:/Inge/Q8/LELME2002/INFO/GitHub/Bot-save-the-Queen/Robot principal/DEO_NANO/corneille.sv Line: 162
Warning (10236): Verilog HDL Implicit Net warning at corneille.sv(163): created implicit net for "ENC_1B" File: D:/Inge/Q8/LELME2002/INFO/GitHub/Bot-save-the-Queen/Robot principal/DEO_NANO/corneille.sv Line: 163
Warning (10236): Verilog HDL Implicit Net warning at corneille.sv(164): created implicit net for "ENC_2A" File: D:/Inge/Q8/LELME2002/INFO/GitHub/Bot-save-the-Queen/Robot principal/DEO_NANO/corneille.sv Line: 164
Warning (10236): Verilog HDL Implicit Net warning at corneille.sv(165): created implicit net for "ENC_2B" File: D:/Inge/Q8/LELME2002/INFO/GitHub/Bot-save-the-Queen/Robot principal/DEO_NANO/corneille.sv Line: 165
Warning (10236): Verilog HDL Implicit Net warning at corneille.sv(167): created implicit net for "ODO_1A" File: D:/Inge/Q8/LELME2002/INFO/GitHub/Bot-save-the-Queen/Robot principal/DEO_NANO/corneille.sv Line: 167
Warning (10236): Verilog HDL Implicit Net warning at corneille.sv(168): created implicit net for "ODO_1B" File: D:/Inge/Q8/LELME2002/INFO/GitHub/Bot-save-the-Queen/Robot principal/DEO_NANO/corneille.sv Line: 168
Warning (10236): Verilog HDL Implicit Net warning at corneille.sv(169): created implicit net for "ODO_2A" File: D:/Inge/Q8/LELME2002/INFO/GitHub/Bot-save-the-Queen/Robot principal/DEO_NANO/corneille.sv Line: 169
Warning (10236): Verilog HDL Implicit Net warning at corneille.sv(170): created implicit net for "ODO_2B" File: D:/Inge/Q8/LELME2002/INFO/GitHub/Bot-save-the-Queen/Robot principal/DEO_NANO/corneille.sv Line: 170
Info (12127): Elaborating entity "DE0_NANO_V3" for the top level hierarchy
Warning (10034): Output port "DRAM_ADDR" at corneille.sv(100) has no driver File: D:/Inge/Q8/LELME2002/INFO/GitHub/Bot-save-the-Queen/Robot principal/DEO_NANO/corneille.sv Line: 100
Warning (10034): Output port "DRAM_BA" at corneille.sv(101) has no driver File: D:/Inge/Q8/LELME2002/INFO/GitHub/Bot-save-the-Queen/Robot principal/DEO_NANO/corneille.sv Line: 101
Warning (10034): Output port "DRAM_DQM" at corneille.sv(107) has no driver File: D:/Inge/Q8/LELME2002/INFO/GitHub/Bot-save-the-Queen/Robot principal/DEO_NANO/corneille.sv Line: 107
Warning (10034): Output port "DRAM_CAS_N" at corneille.sv(102) has no driver File: D:/Inge/Q8/LELME2002/INFO/GitHub/Bot-save-the-Queen/Robot principal/DEO_NANO/corneille.sv Line: 102
Warning (10034): Output port "DRAM_CKE" at corneille.sv(103) has no driver File: D:/Inge/Q8/LELME2002/INFO/GitHub/Bot-save-the-Queen/Robot principal/DEO_NANO/corneille.sv Line: 103
Warning (10034): Output port "DRAM_CLK" at corneille.sv(104) has no driver File: D:/Inge/Q8/LELME2002/INFO/GitHub/Bot-save-the-Queen/Robot principal/DEO_NANO/corneille.sv Line: 104
Warning (10034): Output port "DRAM_CS_N" at corneille.sv(105) has no driver File: D:/Inge/Q8/LELME2002/INFO/GitHub/Bot-save-the-Queen/Robot principal/DEO_NANO/corneille.sv Line: 105
Warning (10034): Output port "DRAM_RAS_N" at corneille.sv(108) has no driver File: D:/Inge/Q8/LELME2002/INFO/GitHub/Bot-save-the-Queen/Robot principal/DEO_NANO/corneille.sv Line: 108
Warning (10034): Output port "DRAM_WE_N" at corneille.sv(109) has no driver File: D:/Inge/Q8/LELME2002/INFO/GitHub/Bot-save-the-Queen/Robot principal/DEO_NANO/corneille.sv Line: 109
Warning (10034): Output port "EPCS_ASDO" at corneille.sv(112) has no driver File: D:/Inge/Q8/LELME2002/INFO/GitHub/Bot-save-the-Queen/Robot principal/DEO_NANO/corneille.sv Line: 112
Warning (10034): Output port "EPCS_DCLK" at corneille.sv(114) has no driver File: D:/Inge/Q8/LELME2002/INFO/GitHub/Bot-save-the-Queen/Robot principal/DEO_NANO/corneille.sv Line: 114
Warning (10034): Output port "EPCS_NCSO" at corneille.sv(115) has no driver File: D:/Inge/Q8/LELME2002/INFO/GitHub/Bot-save-the-Queen/Robot principal/DEO_NANO/corneille.sv Line: 115
Warning (10034): Output port "G_SENSOR_CS_N" at corneille.sv(118) has no driver File: D:/Inge/Q8/LELME2002/INFO/GitHub/Bot-save-the-Queen/Robot principal/DEO_NANO/corneille.sv Line: 118
Warning (10034): Output port "I2C_SCLK" at corneille.sv(120) has no driver File: D:/Inge/Q8/LELME2002/INFO/GitHub/Bot-save-the-Queen/Robot principal/DEO_NANO/corneille.sv Line: 120
Warning (10034): Output port "ADC_CS_N" at corneille.sv(124) has no driver File: D:/Inge/Q8/LELME2002/INFO/GitHub/Bot-save-the-Queen/Robot principal/DEO_NANO/corneille.sv Line: 124
Warning (10034): Output port "ADC_SADDR" at corneille.sv(125) has no driver File: D:/Inge/Q8/LELME2002/INFO/GitHub/Bot-save-the-Queen/Robot principal/DEO_NANO/corneille.sv Line: 125
Warning (10034): Output port "ADC_SCLK" at corneille.sv(126) has no driver File: D:/Inge/Q8/LELME2002/INFO/GitHub/Bot-save-the-Queen/Robot principal/DEO_NANO/corneille.sv Line: 126
Info (12128): Elaborating entity "spi_slave" for hierarchy "spi_slave:spi" File: D:/Inge/Q8/LELME2002/INFO/GitHub/Bot-save-the-Queen/Robot principal/DEO_NANO/corneille.sv Line: 194
Info (12128): Elaborating entity "EncoderSpeed" for hierarchy "EncoderSpeed:left_encoder_speed" File: D:/Inge/Q8/LELME2002/INFO/GitHub/Bot-save-the-Queen/Robot principal/DEO_NANO/corneille.sv Line: 202
Warning (10230): Verilog HDL assignment warning at corneille.sv(32): truncated value with size 32 to match size of target (16) File: D:/Inge/Q8/LELME2002/INFO/GitHub/Bot-save-the-Queen/Robot principal/DEO_NANO/corneille.sv Line: 32
Warning (10230): Verilog HDL assignment warning at corneille.sv(33): truncated value with size 32 to match size of target (16) File: D:/Inge/Q8/LELME2002/INFO/GitHub/Bot-save-the-Queen/Robot principal/DEO_NANO/corneille.sv Line: 33
Info (12128): Elaborating entity "Odometer" for hierarchy "Odometer:left_odometer" File: D:/Inge/Q8/LELME2002/INFO/GitHub/Bot-save-the-Queen/Robot principal/DEO_NANO/corneille.sv Line: 214
Warning (13039): The following bidirectional pins have no drivers
    Warning (13040): bidirectional pin "GPIO_2[2]" has no driver File: D:/Inge/Q8/LELME2002/INFO/GitHub/Bot-save-the-Queen/Robot principal/DEO_NANO/corneille.sv Line: 134
    Warning (13040): bidirectional pin "GPIO_2[3]" has no driver File: D:/Inge/Q8/LELME2002/INFO/GitHub/Bot-save-the-Queen/Robot principal/DEO_NANO/corneille.sv Line: 134
    Warning (13040): bidirectional pin "GPIO_2[5]" has no driver File: D:/Inge/Q8/LELME2002/INFO/GitHub/Bot-save-the-Queen/Robot principal/DEO_NANO/corneille.sv Line: 134
    Warning (13040): bidirectional pin "GPIO_2[8]" has no driver File: D:/Inge/Q8/LELME2002/INFO/GitHub/Bot-save-the-Queen/Robot principal/DEO_NANO/corneille.sv Line: 134
    Warning (13040): bidirectional pin "GPIO_2[9]" has no driver File: D:/Inge/Q8/LELME2002/INFO/GitHub/Bot-save-the-Queen/Robot principal/DEO_NANO/corneille.sv Line: 134
    Warning (13040): bidirectional pin "GPIO_2[10]" has no driver File: D:/Inge/Q8/LELME2002/INFO/GitHub/Bot-save-the-Queen/Robot principal/DEO_NANO/corneille.sv Line: 134
    Warning (13040): bidirectional pin "GPIO_2[12]" has no driver File: D:/Inge/Q8/LELME2002/INFO/GitHub/Bot-save-the-Queen/Robot principal/DEO_NANO/corneille.sv Line: 134
    Warning (13040): bidirectional pin "GPIO_2[14]" has no driver File: D:/Inge/Q8/LELME2002/INFO/GitHub/Bot-save-the-Queen/Robot principal/DEO_NANO/corneille.sv Line: 134
    Warning (13040): bidirectional pin "DRAM_DQ[0]" has no driver File: D:/Inge/Q8/LELME2002/INFO/GitHub/Bot-save-the-Queen/Robot principal/DEO_NANO/corneille.sv Line: 106
    Warning (13040): bidirectional pin "DRAM_DQ[1]" has no driver File: D:/Inge/Q8/LELME2002/INFO/GitHub/Bot-save-the-Queen/Robot principal/DEO_NANO/corneille.sv Line: 106
    Warning (13040): bidirectional pin "DRAM_DQ[2]" has no driver File: D:/Inge/Q8/LELME2002/INFO/GitHub/Bot-save-the-Queen/Robot principal/DEO_NANO/corneille.sv Line: 106
    Warning (13040): bidirectional pin "DRAM_DQ[3]" has no driver File: D:/Inge/Q8/LELME2002/INFO/GitHub/Bot-save-the-Queen/Robot principal/DEO_NANO/corneille.sv Line: 106
    Warning (13040): bidirectional pin "DRAM_DQ[4]" has no driver File: D:/Inge/Q8/LELME2002/INFO/GitHub/Bot-save-the-Queen/Robot principal/DEO_NANO/corneille.sv Line: 106
    Warning (13040): bidirectional pin "DRAM_DQ[5]" has no driver File: D:/Inge/Q8/LELME2002/INFO/GitHub/Bot-save-the-Queen/Robot principal/DEO_NANO/corneille.sv Line: 106
    Warning (13040): bidirectional pin "DRAM_DQ[6]" has no driver File: D:/Inge/Q8/LELME2002/INFO/GitHub/Bot-save-the-Queen/Robot principal/DEO_NANO/corneille.sv Line: 106
    Warning (13040): bidirectional pin "DRAM_DQ[7]" has no driver File: D:/Inge/Q8/LELME2002/INFO/GitHub/Bot-save-the-Queen/Robot principal/DEO_NANO/corneille.sv Line: 106
    Warning (13040): bidirectional pin "DRAM_DQ[8]" has no driver File: D:/Inge/Q8/LELME2002/INFO/GitHub/Bot-save-the-Queen/Robot principal/DEO_NANO/corneille.sv Line: 106
    Warning (13040): bidirectional pin "DRAM_DQ[9]" has no driver File: D:/Inge/Q8/LELME2002/INFO/GitHub/Bot-save-the-Queen/Robot principal/DEO_NANO/corneille.sv Line: 106
    Warning (13040): bidirectional pin "DRAM_DQ[10]" has no driver File: D:/Inge/Q8/LELME2002/INFO/GitHub/Bot-save-the-Queen/Robot principal/DEO_NANO/corneille.sv Line: 106
    Warning (13040): bidirectional pin "DRAM_DQ[11]" has no driver File: D:/Inge/Q8/LELME2002/INFO/GitHub/Bot-save-the-Queen/Robot principal/DEO_NANO/corneille.sv Line: 106
    Warning (13040): bidirectional pin "DRAM_DQ[12]" has no driver File: D:/Inge/Q8/LELME2002/INFO/GitHub/Bot-save-the-Queen/Robot principal/DEO_NANO/corneille.sv Line: 106
    Warning (13040): bidirectional pin "DRAM_DQ[13]" has no driver File: D:/Inge/Q8/LELME2002/INFO/GitHub/Bot-save-the-Queen/Robot principal/DEO_NANO/corneille.sv Line: 106
    Warning (13040): bidirectional pin "DRAM_DQ[14]" has no driver File: D:/Inge/Q8/LELME2002/INFO/GitHub/Bot-save-the-Queen/Robot principal/DEO_NANO/corneille.sv Line: 106
    Warning (13040): bidirectional pin "DRAM_DQ[15]" has no driver File: D:/Inge/Q8/LELME2002/INFO/GitHub/Bot-save-the-Queen/Robot principal/DEO_NANO/corneille.sv Line: 106
    Warning (13040): bidirectional pin "I2C_SDAT" has no driver File: D:/Inge/Q8/LELME2002/INFO/GitHub/Bot-save-the-Queen/Robot principal/DEO_NANO/corneille.sv Line: 121
    Warning (13040): bidirectional pin "GPIO_1[0]" has no driver File: D:/Inge/Q8/LELME2002/INFO/GitHub/Bot-save-the-Queen/Robot principal/DEO_NANO/corneille.sv Line: 130
    Warning (13040): bidirectional pin "GPIO_1[1]" has no driver File: D:/Inge/Q8/LELME2002/INFO/GitHub/Bot-save-the-Queen/Robot principal/DEO_NANO/corneille.sv Line: 130
    Warning (13040): bidirectional pin "GPIO_1[2]" has no driver File: D:/Inge/Q8/LELME2002/INFO/GitHub/Bot-save-the-Queen/Robot principal/DEO_NANO/corneille.sv Line: 130
    Warning (13040): bidirectional pin "GPIO_1[3]" has no driver File: D:/Inge/Q8/LELME2002/INFO/GitHub/Bot-save-the-Queen/Robot principal/DEO_NANO/corneille.sv Line: 130
    Warning (13040): bidirectional pin "GPIO_1[4]" has no driver File: D:/Inge/Q8/LELME2002/INFO/GitHub/Bot-save-the-Queen/Robot principal/DEO_NANO/corneille.sv Line: 130
    Warning (13040): bidirectional pin "GPIO_1[5]" has no driver File: D:/Inge/Q8/LELME2002/INFO/GitHub/Bot-save-the-Queen/Robot principal/DEO_NANO/corneille.sv Line: 130
    Warning (13040): bidirectional pin "GPIO_1[6]" has no driver File: D:/Inge/Q8/LELME2002/INFO/GitHub/Bot-save-the-Queen/Robot principal/DEO_NANO/corneille.sv Line: 130
    Warning (13040): bidirectional pin "GPIO_1[7]" has no driver File: D:/Inge/Q8/LELME2002/INFO/GitHub/Bot-save-the-Queen/Robot principal/DEO_NANO/corneille.sv Line: 130
    Warning (13040): bidirectional pin "GPIO_1[8]" has no driver File: D:/Inge/Q8/LELME2002/INFO/GitHub/Bot-save-the-Queen/Robot principal/DEO_NANO/corneille.sv Line: 130
    Warning (13040): bidirectional pin "GPIO_1[9]" has no driver File: D:/Inge/Q8/LELME2002/INFO/GitHub/Bot-save-the-Queen/Robot principal/DEO_NANO/corneille.sv Line: 130
    Warning (13040): bidirectional pin "GPIO_1[10]" has no driver File: D:/Inge/Q8/LELME2002/INFO/GitHub/Bot-save-the-Queen/Robot principal/DEO_NANO/corneille.sv Line: 130
    Warning (13040): bidirectional pin "GPIO_1[11]" has no driver File: D:/Inge/Q8/LELME2002/INFO/GitHub/Bot-save-the-Queen/Robot principal/DEO_NANO/corneille.sv Line: 130
    Warning (13040): bidirectional pin "GPIO_1[12]" has no driver File: D:/Inge/Q8/LELME2002/INFO/GitHub/Bot-save-the-Queen/Robot principal/DEO_NANO/corneille.sv Line: 130
    Warning (13040): bidirectional pin "GPIO_1[13]" has no driver File: D:/Inge/Q8/LELME2002/INFO/GitHub/Bot-save-the-Queen/Robot principal/DEO_NANO/corneille.sv Line: 130
    Warning (13040): bidirectional pin "GPIO_1[14]" has no driver File: D:/Inge/Q8/LELME2002/INFO/GitHub/Bot-save-the-Queen/Robot principal/DEO_NANO/corneille.sv Line: 130
    Warning (13040): bidirectional pin "GPIO_1[15]" has no driver File: D:/Inge/Q8/LELME2002/INFO/GitHub/Bot-save-the-Queen/Robot principal/DEO_NANO/corneille.sv Line: 130
    Warning (13040): bidirectional pin "GPIO_1[16]" has no driver File: D:/Inge/Q8/LELME2002/INFO/GitHub/Bot-save-the-Queen/Robot principal/DEO_NANO/corneille.sv Line: 130
    Warning (13040): bidirectional pin "GPIO_1[17]" has no driver File: D:/Inge/Q8/LELME2002/INFO/GitHub/Bot-save-the-Queen/Robot principal/DEO_NANO/corneille.sv Line: 130
    Warning (13040): bidirectional pin "GPIO_1[18]" has no driver File: D:/Inge/Q8/LELME2002/INFO/GitHub/Bot-save-the-Queen/Robot principal/DEO_NANO/corneille.sv Line: 130
    Warning (13040): bidirectional pin "GPIO_1[19]" has no driver File: D:/Inge/Q8/LELME2002/INFO/GitHub/Bot-save-the-Queen/Robot principal/DEO_NANO/corneille.sv Line: 130
    Warning (13040): bidirectional pin "GPIO_1[20]" has no driver File: D:/Inge/Q8/LELME2002/INFO/GitHub/Bot-save-the-Queen/Robot principal/DEO_NANO/corneille.sv Line: 130
    Warning (13040): bidirectional pin "GPIO_1[21]" has no driver File: D:/Inge/Q8/LELME2002/INFO/GitHub/Bot-save-the-Queen/Robot principal/DEO_NANO/corneille.sv Line: 130
    Warning (13040): bidirectional pin "GPIO_1[22]" has no driver File: D:/Inge/Q8/LELME2002/INFO/GitHub/Bot-save-the-Queen/Robot principal/DEO_NANO/corneille.sv Line: 130
    Warning (13040): bidirectional pin "GPIO_1[23]" has no driver File: D:/Inge/Q8/LELME2002/INFO/GitHub/Bot-save-the-Queen/Robot principal/DEO_NANO/corneille.sv Line: 130
    Warning (13040): bidirectional pin "GPIO_1[24]" has no driver File: D:/Inge/Q8/LELME2002/INFO/GitHub/Bot-save-the-Queen/Robot principal/DEO_NANO/corneille.sv Line: 130
    Warning (13040): bidirectional pin "GPIO_1[25]" has no driver File: D:/Inge/Q8/LELME2002/INFO/GitHub/Bot-save-the-Queen/Robot principal/DEO_NANO/corneille.sv Line: 130
    Warning (13040): bidirectional pin "GPIO_1[26]" has no driver File: D:/Inge/Q8/LELME2002/INFO/GitHub/Bot-save-the-Queen/Robot principal/DEO_NANO/corneille.sv Line: 130
    Warning (13040): bidirectional pin "GPIO_1[27]" has no driver File: D:/Inge/Q8/LELME2002/INFO/GitHub/Bot-save-the-Queen/Robot principal/DEO_NANO/corneille.sv Line: 130
    Warning (13040): bidirectional pin "GPIO_1[28]" has no driver File: D:/Inge/Q8/LELME2002/INFO/GitHub/Bot-save-the-Queen/Robot principal/DEO_NANO/corneille.sv Line: 130
    Warning (13040): bidirectional pin "GPIO_1[29]" has no driver File: D:/Inge/Q8/LELME2002/INFO/GitHub/Bot-save-the-Queen/Robot principal/DEO_NANO/corneille.sv Line: 130
    Warning (13040): bidirectional pin "GPIO_1[30]" has no driver File: D:/Inge/Q8/LELME2002/INFO/GitHub/Bot-save-the-Queen/Robot principal/DEO_NANO/corneille.sv Line: 130
    Warning (13040): bidirectional pin "GPIO_1[31]" has no driver File: D:/Inge/Q8/LELME2002/INFO/GitHub/Bot-save-the-Queen/Robot principal/DEO_NANO/corneille.sv Line: 130
    Warning (13040): bidirectional pin "GPIO_1[32]" has no driver File: D:/Inge/Q8/LELME2002/INFO/GitHub/Bot-save-the-Queen/Robot principal/DEO_NANO/corneille.sv Line: 130
    Warning (13040): bidirectional pin "GPIO_1[33]" has no driver File: D:/Inge/Q8/LELME2002/INFO/GitHub/Bot-save-the-Queen/Robot principal/DEO_NANO/corneille.sv Line: 130
    Warning (13040): bidirectional pin "GPIO_2[0]" has no driver File: D:/Inge/Q8/LELME2002/INFO/GitHub/Bot-save-the-Queen/Robot principal/DEO_NANO/corneille.sv Line: 134
    Warning (13040): bidirectional pin "GPIO_2[1]" has no driver File: D:/Inge/Q8/LELME2002/INFO/GitHub/Bot-save-the-Queen/Robot principal/DEO_NANO/corneille.sv Line: 134
    Warning (13040): bidirectional pin "GPIO_2[4]" has no driver File: D:/Inge/Q8/LELME2002/INFO/GitHub/Bot-save-the-Queen/Robot principal/DEO_NANO/corneille.sv Line: 134
    Warning (13040): bidirectional pin "GPIO_2[6]" has no driver File: D:/Inge/Q8/LELME2002/INFO/GitHub/Bot-save-the-Queen/Robot principal/DEO_NANO/corneille.sv Line: 134
    Warning (13040): bidirectional pin "GPIO_2[7]" has no driver File: D:/Inge/Q8/LELME2002/INFO/GitHub/Bot-save-the-Queen/Robot principal/DEO_NANO/corneille.sv Line: 134
    Warning (13040): bidirectional pin "GPIO_2[13]" has no driver File: D:/Inge/Q8/LELME2002/INFO/GitHub/Bot-save-the-Queen/Robot principal/DEO_NANO/corneille.sv Line: 134
    Warning (13040): bidirectional pin "GPIO_2[15]" has no driver File: D:/Inge/Q8/LELME2002/INFO/GitHub/Bot-save-the-Queen/Robot principal/DEO_NANO/corneille.sv Line: 134
    Warning (13040): bidirectional pin "GPIO_2[16]" has no driver File: D:/Inge/Q8/LELME2002/INFO/GitHub/Bot-save-the-Queen/Robot principal/DEO_NANO/corneille.sv Line: 134
    Warning (13040): bidirectional pin "GPIO_2[17]" has no driver File: D:/Inge/Q8/LELME2002/INFO/GitHub/Bot-save-the-Queen/Robot principal/DEO_NANO/corneille.sv Line: 134
    Warning (13040): bidirectional pin "GPIO_2[18]" has no driver File: D:/Inge/Q8/LELME2002/INFO/GitHub/Bot-save-the-Queen/Robot principal/DEO_NANO/corneille.sv Line: 134
    Warning (13040): bidirectional pin "GPIO_2[19]" has no driver File: D:/Inge/Q8/LELME2002/INFO/GitHub/Bot-save-the-Queen/Robot principal/DEO_NANO/corneille.sv Line: 134
    Warning (13040): bidirectional pin "GPIO_2[20]" has no driver File: D:/Inge/Q8/LELME2002/INFO/GitHub/Bot-save-the-Queen/Robot principal/DEO_NANO/corneille.sv Line: 134
    Warning (13040): bidirectional pin "GPIO_2[21]" has no driver File: D:/Inge/Q8/LELME2002/INFO/GitHub/Bot-save-the-Queen/Robot principal/DEO_NANO/corneille.sv Line: 134
    Warning (13040): bidirectional pin "GPIO_2[22]" has no driver File: D:/Inge/Q8/LELME2002/INFO/GitHub/Bot-save-the-Queen/Robot principal/DEO_NANO/corneille.sv Line: 134
    Warning (13040): bidirectional pin "GPIO_2[23]" has no driver File: D:/Inge/Q8/LELME2002/INFO/GitHub/Bot-save-the-Queen/Robot principal/DEO_NANO/corneille.sv Line: 134
    Warning (13040): bidirectional pin "GPIO_2[24]" has no driver File: D:/Inge/Q8/LELME2002/INFO/GitHub/Bot-save-the-Queen/Robot principal/DEO_NANO/corneille.sv Line: 134
    Warning (13040): bidirectional pin "GPIO_2[25]" has no driver File: D:/Inge/Q8/LELME2002/INFO/GitHub/Bot-save-the-Queen/Robot principal/DEO_NANO/corneille.sv Line: 134
    Warning (13040): bidirectional pin "GPIO_2[26]" has no driver File: D:/Inge/Q8/LELME2002/INFO/GitHub/Bot-save-the-Queen/Robot principal/DEO_NANO/corneille.sv Line: 134
    Warning (13040): bidirectional pin "GPIO_2[27]" has no driver File: D:/Inge/Q8/LELME2002/INFO/GitHub/Bot-save-the-Queen/Robot principal/DEO_NANO/corneille.sv Line: 134
    Warning (13040): bidirectional pin "GPIO_2[28]" has no driver File: D:/Inge/Q8/LELME2002/INFO/GitHub/Bot-save-the-Queen/Robot principal/DEO_NANO/corneille.sv Line: 134
    Warning (13040): bidirectional pin "GPIO_2[29]" has no driver File: D:/Inge/Q8/LELME2002/INFO/GitHub/Bot-save-the-Queen/Robot principal/DEO_NANO/corneille.sv Line: 134
    Warning (13040): bidirectional pin "GPIO_2[30]" has no driver File: D:/Inge/Q8/LELME2002/INFO/GitHub/Bot-save-the-Queen/Robot principal/DEO_NANO/corneille.sv Line: 134
    Warning (13040): bidirectional pin "GPIO_2[31]" has no driver File: D:/Inge/Q8/LELME2002/INFO/GitHub/Bot-save-the-Queen/Robot principal/DEO_NANO/corneille.sv Line: 134
    Warning (13040): bidirectional pin "GPIO_2[32]" has no driver File: D:/Inge/Q8/LELME2002/INFO/GitHub/Bot-save-the-Queen/Robot principal/DEO_NANO/corneille.sv Line: 134
    Warning (13040): bidirectional pin "GPIO_2[33]" has no driver File: D:/Inge/Q8/LELME2002/INFO/GitHub/Bot-save-the-Queen/Robot principal/DEO_NANO/corneille.sv Line: 134
Warning (13024): Output pins are stuck at VCC or GND
    Warning (13410): Pin "DRAM_ADDR[0]" is stuck at GND File: D:/Inge/Q8/LELME2002/INFO/GitHub/Bot-save-the-Queen/Robot principal/DEO_NANO/corneille.sv Line: 100
    Warning (13410): Pin "DRAM_ADDR[1]" is stuck at GND File: D:/Inge/Q8/LELME2002/INFO/GitHub/Bot-save-the-Queen/Robot principal/DEO_NANO/corneille.sv Line: 100
    Warning (13410): Pin "DRAM_ADDR[2]" is stuck at GND File: D:/Inge/Q8/LELME2002/INFO/GitHub/Bot-save-the-Queen/Robot principal/DEO_NANO/corneille.sv Line: 100
    Warning (13410): Pin "DRAM_ADDR[3]" is stuck at GND File: D:/Inge/Q8/LELME2002/INFO/GitHub/Bot-save-the-Queen/Robot principal/DEO_NANO/corneille.sv Line: 100
    Warning (13410): Pin "DRAM_ADDR[4]" is stuck at GND File: D:/Inge/Q8/LELME2002/INFO/GitHub/Bot-save-the-Queen/Robot principal/DEO_NANO/corneille.sv Line: 100
    Warning (13410): Pin "DRAM_ADDR[5]" is stuck at GND File: D:/Inge/Q8/LELME2002/INFO/GitHub/Bot-save-the-Queen/Robot principal/DEO_NANO/corneille.sv Line: 100
    Warning (13410): Pin "DRAM_ADDR[6]" is stuck at GND File: D:/Inge/Q8/LELME2002/INFO/GitHub/Bot-save-the-Queen/Robot principal/DEO_NANO/corneille.sv Line: 100
    Warning (13410): Pin "DRAM_ADDR[7]" is stuck at GND File: D:/Inge/Q8/LELME2002/INFO/GitHub/Bot-save-the-Queen/Robot principal/DEO_NANO/corneille.sv Line: 100
    Warning (13410): Pin "DRAM_ADDR[8]" is stuck at GND File: D:/Inge/Q8/LELME2002/INFO/GitHub/Bot-save-the-Queen/Robot principal/DEO_NANO/corneille.sv Line: 100
    Warning (13410): Pin "DRAM_ADDR[9]" is stuck at GND File: D:/Inge/Q8/LELME2002/INFO/GitHub/Bot-save-the-Queen/Robot principal/DEO_NANO/corneille.sv Line: 100
    Warning (13410): Pin "DRAM_ADDR[10]" is stuck at GND File: D:/Inge/Q8/LELME2002/INFO/GitHub/Bot-save-the-Queen/Robot principal/DEO_NANO/corneille.sv Line: 100
    Warning (13410): Pin "DRAM_ADDR[11]" is stuck at GND File: D:/Inge/Q8/LELME2002/INFO/GitHub/Bot-save-the-Queen/Robot principal/DEO_NANO/corneille.sv Line: 100
    Warning (13410): Pin "DRAM_ADDR[12]" is stuck at GND File: D:/Inge/Q8/LELME2002/INFO/GitHub/Bot-save-the-Queen/Robot principal/DEO_NANO/corneille.sv Line: 100
    Warning (13410): Pin "DRAM_BA[0]" is stuck at GND File: D:/Inge/Q8/LELME2002/INFO/GitHub/Bot-save-the-Queen/Robot principal/DEO_NANO/corneille.sv Line: 101
    Warning (13410): Pin "DRAM_BA[1]" is stuck at GND File: D:/Inge/Q8/LELME2002/INFO/GitHub/Bot-save-the-Queen/Robot principal/DEO_NANO/corneille.sv Line: 101
    Warning (13410): Pin "DRAM_CAS_N" is stuck at GND File: D:/Inge/Q8/LELME2002/INFO/GitHub/Bot-save-the-Queen/Robot principal/DEO_NANO/corneille.sv Line: 102
    Warning (13410): Pin "DRAM_CKE" is stuck at GND File: D:/Inge/Q8/LELME2002/INFO/GitHub/Bot-save-the-Queen/Robot principal/DEO_NANO/corneille.sv Line: 103
    Warning (13410): Pin "DRAM_CLK" is stuck at GND File: D:/Inge/Q8/LELME2002/INFO/GitHub/Bot-save-the-Queen/Robot principal/DEO_NANO/corneille.sv Line: 104
    Warning (13410): Pin "DRAM_CS_N" is stuck at GND File: D:/Inge/Q8/LELME2002/INFO/GitHub/Bot-save-the-Queen/Robot principal/DEO_NANO/corneille.sv Line: 105
    Warning (13410): Pin "DRAM_DQM[0]" is stuck at GND File: D:/Inge/Q8/LELME2002/INFO/GitHub/Bot-save-the-Queen/Robot principal/DEO_NANO/corneille.sv Line: 107
    Warning (13410): Pin "DRAM_DQM[1]" is stuck at GND File: D:/Inge/Q8/LELME2002/INFO/GitHub/Bot-save-the-Queen/Robot principal/DEO_NANO/corneille.sv Line: 107
    Warning (13410): Pin "DRAM_RAS_N" is stuck at GND File: D:/Inge/Q8/LELME2002/INFO/GitHub/Bot-save-the-Queen/Robot principal/DEO_NANO/corneille.sv Line: 108
    Warning (13410): Pin "DRAM_WE_N" is stuck at GND File: D:/Inge/Q8/LELME2002/INFO/GitHub/Bot-save-the-Queen/Robot principal/DEO_NANO/corneille.sv Line: 109
    Warning (13410): Pin "EPCS_ASDO" is stuck at GND File: D:/Inge/Q8/LELME2002/INFO/GitHub/Bot-save-the-Queen/Robot principal/DEO_NANO/corneille.sv Line: 112
    Warning (13410): Pin "EPCS_DCLK" is stuck at GND File: D:/Inge/Q8/LELME2002/INFO/GitHub/Bot-save-the-Queen/Robot principal/DEO_NANO/corneille.sv Line: 114
    Warning (13410): Pin "EPCS_NCSO" is stuck at GND File: D:/Inge/Q8/LELME2002/INFO/GitHub/Bot-save-the-Queen/Robot principal/DEO_NANO/corneille.sv Line: 115
    Warning (13410): Pin "G_SENSOR_CS_N" is stuck at GND File: D:/Inge/Q8/LELME2002/INFO/GitHub/Bot-save-the-Queen/Robot principal/DEO_NANO/corneille.sv Line: 118
    Warning (13410): Pin "I2C_SCLK" is stuck at GND File: D:/Inge/Q8/LELME2002/INFO/GitHub/Bot-save-the-Queen/Robot principal/DEO_NANO/corneille.sv Line: 120
    Warning (13410): Pin "ADC_CS_N" is stuck at GND File: D:/Inge/Q8/LELME2002/INFO/GitHub/Bot-save-the-Queen/Robot principal/DEO_NANO/corneille.sv Line: 124
    Warning (13410): Pin "ADC_SADDR" is stuck at GND File: D:/Inge/Q8/LELME2002/INFO/GitHub/Bot-save-the-Queen/Robot principal/DEO_NANO/corneille.sv Line: 125
    Warning (13410): Pin "ADC_SCLK" is stuck at GND File: D:/Inge/Q8/LELME2002/INFO/GitHub/Bot-save-the-Queen/Robot principal/DEO_NANO/corneille.sv Line: 126
Info (286030): Timing-Driven Synthesis is running
Info (17049): 27 registers lost all their fanouts during netlist optimizations.
Info (16010): Generating hard_block partition "hard_block:auto_generated_inst"
    Info (16011): Adding 0 node(s), including 0 DDIO, 0 PLL, 0 transceiver and 0 LCELL
Warning (21074): Design contains 11 input pin(s) that do not drive logic
    Warning (15610): No output dependent on input pin "KEY[1]" File: D:/Inge/Q8/LELME2002/INFO/GitHub/Bot-save-the-Queen/Robot principal/DEO_NANO/corneille.sv Line: 94
    Warning (15610): No output dependent on input pin "SW[0]" File: D:/Inge/Q8/LELME2002/INFO/GitHub/Bot-save-the-Queen/Robot principal/DEO_NANO/corneille.sv Line: 97
    Warning (15610): No output dependent on input pin "SW[1]" File: D:/Inge/Q8/LELME2002/INFO/GitHub/Bot-save-the-Queen/Robot principal/DEO_NANO/corneille.sv Line: 97
    Warning (15610): No output dependent on input pin "SW[2]" File: D:/Inge/Q8/LELME2002/INFO/GitHub/Bot-save-the-Queen/Robot principal/DEO_NANO/corneille.sv Line: 97
    Warning (15610): No output dependent on input pin "SW[3]" File: D:/Inge/Q8/LELME2002/INFO/GitHub/Bot-save-the-Queen/Robot principal/DEO_NANO/corneille.sv Line: 97
    Warning (15610): No output dependent on input pin "EPCS_DATA0" File: D:/Inge/Q8/LELME2002/INFO/GitHub/Bot-save-the-Queen/Robot principal/DEO_NANO/corneille.sv Line: 113
    Warning (15610): No output dependent on input pin "G_SENSOR_INT" File: D:/Inge/Q8/LELME2002/INFO/GitHub/Bot-save-the-Queen/Robot principal/DEO_NANO/corneille.sv Line: 119
    Warning (15610): No output dependent on input pin "ADC_SDAT" File: D:/Inge/Q8/LELME2002/INFO/GitHub/Bot-save-the-Queen/Robot principal/DEO_NANO/corneille.sv Line: 127
    Warning (15610): No output dependent on input pin "GPIO_1_IN[0]" File: D:/Inge/Q8/LELME2002/INFO/GitHub/Bot-save-the-Queen/Robot principal/DEO_NANO/corneille.sv Line: 131
    Warning (15610): No output dependent on input pin "GPIO_1_IN[1]" File: D:/Inge/Q8/LELME2002/INFO/GitHub/Bot-save-the-Queen/Robot principal/DEO_NANO/corneille.sv Line: 131
    Warning (15610): No output dependent on input pin "GPIO_2_IN[0]" File: D:/Inge/Q8/LELME2002/INFO/GitHub/Bot-save-the-Queen/Robot principal/DEO_NANO/corneille.sv Line: 136
Info (21057): Implemented 220 device resources after synthesis - the final resource count might be different
    Info (21058): Implemented 14 input pins
    Info (21059): Implemented 39 output pins
    Info (21060): Implemented 85 bidirectional pins
    Info (21061): Implemented 82 logic cells
Info: Quartus Prime Analysis & Synthesis was successful. 0 errors, 160 warnings
    Info: Peak virtual memory: 4783 megabytes
    Info: Processing ended: Sat Feb 22 19:01:52 2025
    Info: Elapsed time: 00:00:11
    Info: Total CPU time (on all processors): 00:00:21


